2023-07-26 20:15:37.286 [restartedMain] INFO  c.e.d.DefectTrackerServerApplication - Starting DefectTrackerServerApplication using Java 17.0.7 with PID 21524 (/home/kon/IdeaProjects/defect-tracker-server/target/classes started by kon in /home/kon/IdeaProjects/defect-tracker-server)
2023-07-26 20:15:37.291 [restartedMain] DEBUG c.e.d.DefectTrackerServerApplication - Running with Spring Boot v3.1.0, Spring v6.0.9
2023-07-26 20:15:37.292 [restartedMain] INFO  c.e.d.DefectTrackerServerApplication - No active profile set, falling back to 1 default profile: "default"
2023-07-26 20:15:37.360 [restartedMain] INFO  o.s.b.d.e.DevToolsPropertyDefaultsPostProcessor - Devtools property defaults active! Set 'spring.devtools.add-properties' to 'false' to disable
2023-07-26 20:15:37.360 [restartedMain] INFO  o.s.b.d.e.DevToolsPropertyDefaultsPostProcessor - For additional web related logging consider setting the 'logging.level.web' property to 'DEBUG'
2023-07-26 20:15:38.253 [restartedMain] INFO  o.s.d.r.c.RepositoryConfigurationDelegate - Bootstrapping Spring Data JPA repositories in DEFAULT mode.
2023-07-26 20:15:38.350 [restartedMain] INFO  o.s.d.r.c.RepositoryConfigurationDelegate - Finished Spring Data repository scanning in 88 ms. Found 13 JPA repository interfaces.
2023-07-26 20:15:39.009 [restartedMain] INFO  o.s.b.w.e.tomcat.TomcatWebServer - Tomcat initialized with port(s): 8080 (http)
2023-07-26 20:15:39.017 [restartedMain] INFO  o.a.catalina.core.StandardService - Starting service [Tomcat]
2023-07-26 20:15:39.017 [restartedMain] INFO  o.a.catalina.core.StandardEngine - Starting Servlet engine: [Apache Tomcat/10.1.8]
2023-07-26 20:15:39.061 [restartedMain] INFO  o.a.c.c.C.[Tomcat].[localhost].[/] - Initializing Spring embedded WebApplicationContext
2023-07-26 20:15:39.062 [restartedMain] INFO  o.s.b.w.s.c.ServletWebServerApplicationContext - Root WebApplicationContext: initialization completed in 1700 ms
2023-07-26 20:15:39.099 [restartedMain] INFO  com.zaxxer.hikari.HikariDataSource - HikariPool-1 - Starting...
2023-07-26 20:15:39.327 [restartedMain] INFO  com.zaxxer.hikari.pool.HikariPool - HikariPool-1 - Added connection conn0: url=jdbc:h2:mem:testdb user=SA
2023-07-26 20:15:39.330 [restartedMain] INFO  com.zaxxer.hikari.HikariDataSource - HikariPool-1 - Start completed.
2023-07-26 20:15:39.343 [restartedMain] INFO  o.s.b.a.h.H2ConsoleAutoConfiguration - H2 console available at '/h2-console'. Database available at 'jdbc:h2:mem:testdb'
2023-07-26 20:15:39.452 [restartedMain] INFO  o.h.jpa.internal.util.LogHelper - HHH000204: Processing PersistenceUnitInfo [name: default]
2023-07-26 20:15:39.506 [restartedMain] INFO  org.hibernate.Version - HHH000412: Hibernate ORM core version 6.2.2.Final
2023-07-26 20:15:39.509 [restartedMain] INFO  org.hibernate.cfg.Environment - HHH000406: Using bytecode reflection optimizer
2023-07-26 20:15:39.665 [restartedMain] INFO  o.h.b.i.BytecodeProviderInitiator - HHH000021: Bytecode provider name : bytebuddy
2023-07-26 20:15:39.845 [restartedMain] INFO  o.s.o.j.p.SpringPersistenceUnitInfo - No LoadTimeWeaver setup: ignoring JPA class transformer
2023-07-26 20:15:39.890 [restartedMain] INFO  org.hibernate.orm.dialect - HHH035001: Using dialect: org.hibernate.dialect.H2Dialect, version: 2.1.214
2023-07-26 20:15:40.192 [restartedMain] INFO  o.h.b.i.BytecodeProviderInitiator - HHH000021: Bytecode provider name : bytebuddy
2023-07-26 20:15:41.418 [restartedMain] INFO  o.h.e.t.j.p.i.JtaPlatformInitiator - HHH000490: Using JtaPlatform implementation: [org.hibernate.engine.transaction.jta.platform.internal.NoJtaPlatform]
2023-07-26 20:15:41.537 [restartedMain] INFO  o.h.t.s.i.e.GenerationTargetToDatabase - HHH000476: Executing script '[injected ScriptSourceInputNonExistentImpl script]'
2023-07-26 20:15:41.541 [restartedMain] INFO  o.s.o.j.LocalContainerEntityManagerFactoryBean - Initialized JPA EntityManagerFactory for persistence unit 'default'
2023-07-26 20:15:42.212 [restartedMain] DEBUG c.e.d.s.JwtAuthenticationFilter - Filter 'jwtAuthenticationFilter' configured for use
2023-07-26 20:15:42.363 [restartedMain] INFO  o.s.d.j.r.query.QueryEnhancerFactory - Hibernate is in classpath; If applicable, HQL parser will be used.
2023-07-26 20:15:43.229 [restartedMain] WARN  o.s.b.a.o.j.JpaBaseConfiguration$JpaWebConfiguration - spring.jpa.open-in-view is enabled by default. Therefore, database queries may be performed during view rendering. Explicitly configure spring.jpa.open-in-view to disable this warning
2023-07-26 20:15:43.608 [restartedMain] INFO  o.s.s.web.DefaultSecurityFilterChain - Will secure any request with [org.springframework.security.web.session.DisableEncodeUrlFilter@39bcd4f9, org.springframework.security.web.context.request.async.WebAsyncManagerIntegrationFilter@73f8a5d1, org.springframework.security.web.context.SecurityContextHolderFilter@6d546cc, org.springframework.security.web.header.HeaderWriterFilter@70b97c59, org.springframework.security.web.authentication.logout.LogoutFilter@65128ff8, com.example.defecttrackerserver.security.JwtAuthenticationFilter@419b9fbb, org.springframework.security.web.savedrequest.RequestCacheAwareFilter@64cb88af, org.springframework.security.web.servletapi.SecurityContextHolderAwareRequestFilter@730a1b99, org.springframework.security.web.authentication.AnonymousAuthenticationFilter@24d93288, org.springframework.security.web.session.SessionManagementFilter@62d9c690, org.springframework.security.web.access.ExceptionTranslationFilter@544ab33, org.springframework.security.web.access.intercept.AuthorizationFilter@950f7]
2023-07-26 20:15:43.958 [restartedMain] INFO  o.s.b.d.a.OptionalLiveReloadServer - LiveReload server is running on port 35729
2023-07-26 20:15:44.001 [restartedMain] INFO  o.s.b.w.e.tomcat.TomcatWebServer - Tomcat started on port(s): 8080 (http) with context path ''
2023-07-26 20:15:44.013 [restartedMain] INFO  c.e.d.DefectTrackerServerApplication - Started DefectTrackerServerApplication in 7.384 seconds (process running for 8.417)
2023-07-26 20:16:07.309 [http-nio-8080-exec-2] INFO  o.a.c.c.C.[Tomcat].[localhost].[/] - Initializing Spring DispatcherServlet 'dispatcherServlet'
2023-07-26 20:16:07.310 [http-nio-8080-exec-2] INFO  o.s.web.servlet.DispatcherServlet - Initializing Servlet 'dispatcherServlet'
2023-07-26 20:16:07.312 [http-nio-8080-exec-2] INFO  o.s.web.servlet.DispatcherServlet - Completed initialization in 2 ms
2023-07-26 20:16:07.669 [http-nio-8080-exec-2] WARN  c.e.d.auth.AuthenticationController - Error authenticating for user: bil, reason: Bad credentials
2023-07-26 20:19:17.830 [SpringApplicationShutdownHook] INFO  o.s.o.j.LocalContainerEntityManagerFactoryBean - Closing JPA EntityManagerFactory for persistence unit 'default'
2023-07-26 20:19:17.831 [SpringApplicationShutdownHook] INFO  o.h.t.s.i.SchemaDropperImpl$DelayedDropActionImpl - HHH000477: Starting delayed evictData of schema as part of SessionFactory shut-down'
2023-07-26 20:19:18.219 [SpringApplicationShutdownHook] WARN  o.s.b.f.s.DisposableBeanAdapter - Invocation of destroy method failed on bean with name 'inMemoryDatabaseShutdownExecutor': org.h2.jdbc.JdbcSQLNonTransientConnectionException: Database is already closed (to disable automatic closing at VM shutdown, add ";DB_CLOSE_ON_EXIT=FALSE" to the db URL) [90121-214]
2023-07-26 20:19:18.219 [SpringApplicationShutdownHook] INFO  com.zaxxer.hikari.HikariDataSource - HikariPool-1 - Shutdown initiated...
2023-07-26 20:19:18.328 [SpringApplicationShutdownHook] INFO  com.zaxxer.hikari.HikariDataSource - HikariPool-1 - Shutdown completed.
2023-07-26 22:35:15.062 [restartedMain] INFO  c.e.d.DefectTrackerServerApplication - Starting DefectTrackerServerApplication using Java 20.0.2 with PID 31474 (/home/kon/IdeaProjects/defect-tracker-server/target/classes started by kon in /home/kon/IdeaProjects/defect-tracker-server)
2023-07-26 22:35:15.064 [restartedMain] DEBUG c.e.d.DefectTrackerServerApplication - Running with Spring Boot v3.1.0, Spring v6.0.9
2023-07-26 22:35:15.065 [restartedMain] INFO  c.e.d.DefectTrackerServerApplication - No active profile set, falling back to 1 default profile: "default"
2023-07-26 22:35:15.118 [restartedMain] INFO  o.s.b.d.e.DevToolsPropertyDefaultsPostProcessor - Devtools property defaults active! Set 'spring.devtools.add-properties' to 'false' to disable
2023-07-26 22:35:15.119 [restartedMain] INFO  o.s.b.d.e.DevToolsPropertyDefaultsPostProcessor - For additional web related logging consider setting the 'logging.level.web' property to 'DEBUG'
2023-07-26 22:35:15.920 [restartedMain] INFO  o.s.d.r.c.RepositoryConfigurationDelegate - Bootstrapping Spring Data JPA repositories in DEFAULT mode.
2023-07-26 22:35:16.018 [restartedMain] INFO  o.s.d.r.c.RepositoryConfigurationDelegate - Finished Spring Data repository scanning in 91 ms. Found 13 JPA repository interfaces.
2023-07-26 22:35:16.619 [restartedMain] INFO  o.s.b.w.e.tomcat.TomcatWebServer - Tomcat initialized with port(s): 8080 (http)
2023-07-26 22:35:16.628 [restartedMain] INFO  o.a.catalina.core.StandardService - Starting service [Tomcat]
2023-07-26 22:35:16.628 [restartedMain] INFO  o.a.catalina.core.StandardEngine - Starting Servlet engine: [Apache Tomcat/10.1.8]
2023-07-26 22:35:16.667 [restartedMain] INFO  o.a.c.c.C.[Tomcat].[localhost].[/] - Initializing Spring embedded WebApplicationContext
2023-07-26 22:35:16.667 [restartedMain] INFO  o.s.b.w.s.c.ServletWebServerApplicationContext - Root WebApplicationContext: initialization completed in 1548 ms
2023-07-26 22:35:16.704 [restartedMain] INFO  com.zaxxer.hikari.HikariDataSource - HikariPool-1 - Starting...
2023-07-26 22:35:16.888 [restartedMain] INFO  com.zaxxer.hikari.pool.HikariPool - HikariPool-1 - Added connection conn0: url=jdbc:h2:mem:testdb user=SA
2023-07-26 22:35:16.892 [restartedMain] INFO  com.zaxxer.hikari.HikariDataSource - HikariPool-1 - Start completed.
2023-07-26 22:35:16.906 [restartedMain] INFO  o.s.b.a.h.H2ConsoleAutoConfiguration - H2 console available at '/h2-console'. Database available at 'jdbc:h2:mem:testdb'
2023-07-26 22:35:17.029 [restartedMain] INFO  o.h.jpa.internal.util.LogHelper - HHH000204: Processing PersistenceUnitInfo [name: default]
2023-07-26 22:35:17.073 [restartedMain] INFO  org.hibernate.Version - HHH000412: Hibernate ORM core version 6.2.2.Final
2023-07-26 22:35:17.075 [restartedMain] INFO  org.hibernate.cfg.Environment - HHH000406: Using bytecode reflection optimizer
2023-07-26 22:35:17.209 [restartedMain] INFO  o.h.b.i.BytecodeProviderInitiator - HHH000021: Bytecode provider name : bytebuddy
2023-07-26 22:35:17.326 [restartedMain] INFO  o.s.o.j.p.SpringPersistenceUnitInfo - No LoadTimeWeaver setup: ignoring JPA class transformer
2023-07-26 22:35:17.356 [restartedMain] INFO  org.hibernate.orm.dialect - HHH035001: Using dialect: org.hibernate.dialect.H2Dialect, version: 2.1.214
2023-07-26 22:35:17.604 [restartedMain] INFO  o.h.b.i.BytecodeProviderInitiator - HHH000021: Bytecode provider name : bytebuddy
2023-07-26 22:35:18.352 [restartedMain] INFO  o.h.e.t.j.p.i.JtaPlatformInitiator - HHH000490: Using JtaPlatform implementation: [org.hibernate.engine.transaction.jta.platform.internal.NoJtaPlatform]
2023-07-26 22:35:18.440 [restartedMain] INFO  o.h.t.s.i.e.GenerationTargetToDatabase - HHH000476: Executing script '[injected ScriptSourceInputNonExistentImpl script]'
2023-07-26 22:35:18.443 [restartedMain] INFO  o.s.o.j.LocalContainerEntityManagerFactoryBean - Initialized JPA EntityManagerFactory for persistence unit 'default'
2023-07-26 22:35:18.836 [restartedMain] DEBUG c.e.d.s.JwtAuthenticationFilter - Filter 'jwtAuthenticationFilter' configured for use
2023-07-26 22:35:18.945 [restartedMain] INFO  o.s.d.j.r.query.QueryEnhancerFactory - Hibernate is in classpath; If applicable, HQL parser will be used.
2023-07-26 22:35:19.720 [restartedMain] WARN  o.s.b.a.o.j.JpaBaseConfiguration$JpaWebConfiguration - spring.jpa.open-in-view is enabled by default. Therefore, database queries may be performed during view rendering. Explicitly configure spring.jpa.open-in-view to disable this warning
2023-07-26 22:35:20.015 [restartedMain] INFO  o.s.s.web.DefaultSecurityFilterChain - Will secure any request with [org.springframework.security.web.session.DisableEncodeUrlFilter@75616d7c, org.springframework.security.web.context.request.async.WebAsyncManagerIntegrationFilter@50ec6cdf, org.springframework.security.web.context.SecurityContextHolderFilter@13c53c45, org.springframework.security.web.header.HeaderWriterFilter@4d33118a, org.springframework.security.web.authentication.logout.LogoutFilter@219b9719, com.example.defecttrackerserver.security.JwtAuthenticationFilter@20c0ccb2, org.springframework.security.web.savedrequest.RequestCacheAwareFilter@47df2951, org.springframework.security.web.servletapi.SecurityContextHolderAwareRequestFilter@5e3b42b1, org.springframework.security.web.authentication.AnonymousAuthenticationFilter@48a1fb19, org.springframework.security.web.session.SessionManagementFilter@43caefc4, org.springframework.security.web.access.ExceptionTranslationFilter@75b192f9, org.springframework.security.web.access.intercept.AuthorizationFilter@a95e7a8]
2023-07-26 22:35:20.270 [restartedMain] INFO  o.s.b.d.a.OptionalLiveReloadServer - LiveReload server is running on port 35729
2023-07-26 22:35:20.320 [restartedMain] INFO  o.s.b.w.e.tomcat.TomcatWebServer - Tomcat started on port(s): 8080 (http) with context path ''
2023-07-26 22:35:20.330 [restartedMain] INFO  c.e.d.DefectTrackerServerApplication - Started DefectTrackerServerApplication in 5.804 seconds (process running for 6.702)
2023-07-26 22:35:22.668 [http-nio-8080-exec-2] INFO  o.a.c.c.C.[Tomcat].[localhost].[/] - Initializing Spring DispatcherServlet 'dispatcherServlet'
2023-07-26 22:35:22.668 [http-nio-8080-exec-2] INFO  o.s.web.servlet.DispatcherServlet - Initializing Servlet 'dispatcherServlet'
2023-07-26 22:35:22.669 [http-nio-8080-exec-2] INFO  o.s.web.servlet.DispatcherServlet - Completed initialization in 1 ms
2023-07-26 22:35:23.096 [http-nio-8080-exec-2] INFO  c.e.d.auth.AuthenticationController - User: bill authenticated
2023-07-26 22:36:13.069 [http-nio-8080-exec-3] ERROR c.e.d.e.GeneralExceptionHandler - Exception occurred: 
java.lang.NullPointerException: Cannot invoke "com.example.defecttrackerserver.core.user.user.UserDto.getId()" because the return value of "com.example.defecttrackerserver.core.defect.defect.DefectDto.getChangedBy()" is null
	at com.example.defecttrackerserver.core.defect.defect.DefectMapper.map(DefectMapper.java:104)
	at com.example.defecttrackerserver.core.defect.defect.DefectServiceImpl.saveDefect(DefectServiceImpl.java:40)
	at java.base/jdk.internal.reflect.DirectMethodHandleAccessor.invoke(DirectMethodHandleAccessor.java:104)
	at java.base/java.lang.reflect.Method.invoke(Method.java:578)
	at org.springframework.aop.support.AopUtils.invokeJoinpointUsingReflection(AopUtils.java:343)
	at org.springframework.aop.framework.ReflectiveMethodInvocation.invokeJoinpoint(ReflectiveMethodInvocation.java:196)
	at org.springframework.aop.framework.ReflectiveMethodInvocation.proceed(ReflectiveMethodInvocation.java:163)
	at org.springframework.aop.framework.CglibAopProxy$CglibMethodInvocation.proceed(CglibAopProxy.java:750)
	at org.springframework.transaction.interceptor.TransactionInterceptor$1.proceedWithInvocation(TransactionInterceptor.java:123)
	at org.springframework.transaction.interceptor.TransactionAspectSupport.invokeWithinTransaction(TransactionAspectSupport.java:391)
	at org.springframework.transaction.interceptor.TransactionInterceptor.invoke(TransactionInterceptor.java:119)
	at org.springframework.aop.framework.ReflectiveMethodInvocation.proceed(ReflectiveMethodInvocation.java:184)
	at org.springframework.aop.framework.CglibAopProxy$CglibMethodInvocation.proceed(CglibAopProxy.java:750)
	at org.springframework.aop.framework.CglibAopProxy$DynamicAdvisedInterceptor.intercept(CglibAopProxy.java:702)
	at com.example.defecttrackerserver.core.defect.defect.DefectServiceImpl$$SpringCGLIB$$0.saveDefect(<generated>)
	at com.example.defecttrackerserver.core.defect.defect.DefectController.saveDefect(DefectController.java:23)
	at java.base/jdk.internal.reflect.DirectMethodHandleAccessor.invoke(DirectMethodHandleAccessor.java:104)
	at java.base/java.lang.reflect.Method.invoke(Method.java:578)
	at org.springframework.web.method.support.InvocableHandlerMethod.doInvoke(InvocableHandlerMethod.java:207)
	at org.springframework.web.method.support.InvocableHandlerMethod.invokeForRequest(InvocableHandlerMethod.java:152)
	at org.springframework.web.servlet.mvc.method.annotation.ServletInvocableHandlerMethod.invokeAndHandle(ServletInvocableHandlerMethod.java:118)
	at org.springframework.web.servlet.mvc.method.annotation.RequestMappingHandlerAdapter.invokeHandlerMethod(RequestMappingHandlerAdapter.java:884)
	at org.springframework.web.servlet.mvc.method.annotation.RequestMappingHandlerAdapter.handleInternal(RequestMappingHandlerAdapter.java:797)
	at org.springframework.web.servlet.mvc.method.AbstractHandlerMethodAdapter.handle(AbstractHandlerMethodAdapter.java:87)
	at org.springframework.web.servlet.DispatcherServlet.doDispatch(DispatcherServlet.java:1081)
	at org.springframework.web.servlet.DispatcherServlet.doService(DispatcherServlet.java:974)
	at org.springframework.web.servlet.FrameworkServlet.processRequest(FrameworkServlet.java:1011)
	at org.springframework.web.servlet.FrameworkServlet.doPost(FrameworkServlet.java:914)
	at jakarta.servlet.http.HttpServlet.service(HttpServlet.java:590)
	at org.springframework.web.servlet.FrameworkServlet.service(FrameworkServlet.java:885)
	at jakarta.servlet.http.HttpServlet.service(HttpServlet.java:658)
	at org.apache.catalina.core.ApplicationFilterChain.internalDoFilter(ApplicationFilterChain.java:205)
	at org.apache.catalina.core.ApplicationFilterChain.doFilter(ApplicationFilterChain.java:149)
	at org.apache.tomcat.websocket.server.WsFilter.doFilter(WsFilter.java:51)
	at org.apache.catalina.core.ApplicationFilterChain.internalDoFilter(ApplicationFilterChain.java:174)
	at org.apache.catalina.core.ApplicationFilterChain.doFilter(ApplicationFilterChain.java:149)
	at org.springframework.web.filter.OncePerRequestFilter.doFilter(OncePerRequestFilter.java:110)
	at org.apache.catalina.core.ApplicationFilterChain.internalDoFilter(ApplicationFilterChain.java:174)
	at org.apache.catalina.core.ApplicationFilterChain.doFilter(ApplicationFilterChain.java:149)
	at org.springframework.security.web.FilterChainProxy.lambda$doFilterInternal$3(FilterChainProxy.java:231)
	at org.springframework.security.web.FilterChainProxy$VirtualFilterChain.doFilter(FilterChainProxy.java:365)
	at org.springframework.security.web.access.intercept.AuthorizationFilter.doFilter(AuthorizationFilter.java:100)
	at org.springframework.security.web.FilterChainProxy$VirtualFilterChain.doFilter(FilterChainProxy.java:374)
	at org.springframework.security.web.access.ExceptionTranslationFilter.doFilter(ExceptionTranslationFilter.java:126)
	at org.springframework.security.web.access.ExceptionTranslationFilter.doFilter(ExceptionTranslationFilter.java:120)
	at org.springframework.security.web.FilterChainProxy$VirtualFilterChain.doFilter(FilterChainProxy.java:374)
	at org.springframework.security.web.session.SessionManagementFilter.doFilter(SessionManagementFilter.java:131)
	at org.springframework.security.web.session.SessionManagementFilter.doFilter(SessionManagementFilter.java:85)
	at org.springframework.security.web.FilterChainProxy$VirtualFilterChain.doFilter(FilterChainProxy.java:374)
	at org.springframework.security.web.authentication.AnonymousAuthenticationFilter.doFilter(AnonymousAuthenticationFilter.java:100)
	at org.springframework.security.web.FilterChainProxy$VirtualFilterChain.doFilter(FilterChainProxy.java:374)
	at org.springframework.security.web.servletapi.SecurityContextHolderAwareRequestFilter.doFilter(SecurityContextHolderAwareRequestFilter.java:179)
	at org.springframework.security.web.FilterChainProxy$VirtualFilterChain.doFilter(FilterChainProxy.java:374)
	at org.springframework.security.web.savedrequest.RequestCacheAwareFilter.doFilter(RequestCacheAwareFilter.java:63)
	at org.springframework.security.web.FilterChainProxy$VirtualFilterChain.doFilter(FilterChainProxy.java:374)
	at com.example.defecttrackerserver.security.JwtAuthenticationFilter.doFilterInternal(JwtAuthenticationFilter.java:52)
	at org.springframework.web.filter.OncePerRequestFilter.doFilter(OncePerRequestFilter.java:116)
	at org.springframework.security.web.FilterChainProxy$VirtualFilterChain.doFilter(FilterChainProxy.java:374)
	at org.springframework.security.web.authentication.logout.LogoutFilter.doFilter(LogoutFilter.java:107)
	at org.springframework.security.web.authentication.logout.LogoutFilter.doFilter(LogoutFilter.java:93)
	at org.springframework.security.web.FilterChainProxy$VirtualFilterChain.doFilter(FilterChainProxy.java:374)
	at org.springframework.security.web.header.HeaderWriterFilter.doHeadersAfter(HeaderWriterFilter.java:90)
	at org.springframework.security.web.header.HeaderWriterFilter.doFilterInternal(HeaderWriterFilter.java:75)
	at org.springframework.web.filter.OncePerRequestFilter.doFilter(OncePerRequestFilter.java:116)
	at org.springframework.security.web.FilterChainProxy$VirtualFilterChain.doFilter(FilterChainProxy.java:374)
	at org.springframework.security.web.context.SecurityContextHolderFilter.doFilter(SecurityContextHolderFilter.java:82)
	at org.springframework.security.web.context.SecurityContextHolderFilter.doFilter(SecurityContextHolderFilter.java:69)
	at org.springframework.security.web.FilterChainProxy$VirtualFilterChain.doFilter(FilterChainProxy.java:374)
	at org.springframework.security.web.context.request.async.WebAsyncManagerIntegrationFilter.doFilterInternal(WebAsyncManagerIntegrationFilter.java:62)
	at org.springframework.web.filter.OncePerRequestFilter.doFilter(OncePerRequestFilter.java:116)
	at org.springframework.security.web.FilterChainProxy$VirtualFilterChain.doFilter(FilterChainProxy.java:374)
	at org.springframework.security.web.session.DisableEncodeUrlFilter.doFilterInternal(DisableEncodeUrlFilter.java:42)
	at org.springframework.web.filter.OncePerRequestFilter.doFilter(OncePerRequestFilter.java:116)
	at org.springframework.security.web.FilterChainProxy$VirtualFilterChain.doFilter(FilterChainProxy.java:374)
	at org.springframework.security.web.FilterChainProxy.doFilterInternal(FilterChainProxy.java:233)
	at org.springframework.security.web.FilterChainProxy.doFilter(FilterChainProxy.java:191)
	at org.springframework.web.filter.DelegatingFilterProxy.invokeDelegate(DelegatingFilterProxy.java:352)
	at org.springframework.web.filter.DelegatingFilterProxy.doFilter(DelegatingFilterProxy.java:268)
	at org.apache.catalina.core.ApplicationFilterChain.internalDoFilter(ApplicationFilterChain.java:174)
	at org.apache.catalina.core.ApplicationFilterChain.doFilter(ApplicationFilterChain.java:149)
	at org.springframework.web.filter.RequestContextFilter.doFilterInternal(RequestContextFilter.java:100)
	at org.springframework.web.filter.OncePerRequestFilter.doFilter(OncePerRequestFilter.java:116)
	at org.apache.catalina.core.ApplicationFilterChain.internalDoFilter(ApplicationFilterChain.java:174)
	at org.apache.catalina.core.ApplicationFilterChain.doFilter(ApplicationFilterChain.java:149)
	at org.springframework.web.filter.FormContentFilter.doFilterInternal(FormContentFilter.java:93)
	at org.springframework.web.filter.OncePerRequestFilter.doFilter(OncePerRequestFilter.java:116)
	at org.apache.catalina.core.ApplicationFilterChain.internalDoFilter(ApplicationFilterChain.java:174)
	at org.apache.catalina.core.ApplicationFilterChain.doFilter(ApplicationFilterChain.java:149)
	at org.springframework.web.filter.CharacterEncodingFilter.doFilterInternal(CharacterEncodingFilter.java:201)
	at org.springframework.web.filter.OncePerRequestFilter.doFilter(OncePerRequestFilter.java:116)
	at org.apache.catalina.core.ApplicationFilterChain.internalDoFilter(ApplicationFilterChain.java:174)
	at org.apache.catalina.core.ApplicationFilterChain.doFilter(ApplicationFilterChain.java:149)
	at org.apache.catalina.core.StandardWrapperValve.invoke(StandardWrapperValve.java:166)
	at org.apache.catalina.core.StandardContextValve.invoke(StandardContextValve.java:90)
	at org.apache.catalina.authenticator.AuthenticatorBase.invoke(AuthenticatorBase.java:482)
	at org.apache.catalina.core.StandardHostValve.invoke(StandardHostValve.java:115)
	at org.apache.catalina.valves.ErrorReportValve.invoke(ErrorReportValve.java:93)
	at org.apache.catalina.core.StandardEngineValve.invoke(StandardEngineValve.java:74)
	at org.apache.catalina.connector.CoyoteAdapter.service(CoyoteAdapter.java:341)
	at org.apache.coyote.http11.Http11Processor.service(Http11Processor.java:390)
	at org.apache.coyote.AbstractProcessorLight.process(AbstractProcessorLight.java:63)
	at org.apache.coyote.AbstractProtocol$ConnectionHandler.process(AbstractProtocol.java:894)
	at org.apache.tomcat.util.net.NioEndpoint$SocketProcessor.doRun(NioEndpoint.java:1741)
	at org.apache.tomcat.util.net.SocketProcessorBase.run(SocketProcessorBase.java:52)
	at org.apache.tomcat.util.threads.ThreadPoolExecutor.runWorker(ThreadPoolExecutor.java:1191)
	at org.apache.tomcat.util.threads.ThreadPoolExecutor$Worker.run(ThreadPoolExecutor.java:659)
	at org.apache.tomcat.util.threads.TaskThread$WrappingRunnable.run(TaskThread.java:61)
	at java.base/java.lang.Thread.run(Thread.java:1623)
2023-07-26 22:36:13.079 [http-nio-8080-exec-3] WARN  o.s.w.s.m.m.a.ExceptionHandlerExceptionResolver - Resolved [java.lang.NullPointerException: Cannot invoke "com.example.defecttrackerserver.core.user.user.UserDto.getId()" because the return value of "com.example.defecttrackerserver.core.defect.defect.DefectDto.getChangedBy()" is null]
2023-07-26 22:38:52.966 [SpringApplicationShutdownHook] INFO  o.s.o.j.LocalContainerEntityManagerFactoryBean - Closing JPA EntityManagerFactory for persistence unit 'default'
2023-07-26 22:38:52.966 [SpringApplicationShutdownHook] INFO  o.h.t.s.i.SchemaDropperImpl$DelayedDropActionImpl - HHH000477: Starting delayed evictData of schema as part of SessionFactory shut-down'
2023-07-26 22:38:53.359 [SpringApplicationShutdownHook] WARN  o.s.b.f.s.DisposableBeanAdapter - Invocation of destroy method failed on bean with name 'inMemoryDatabaseShutdownExecutor': org.h2.jdbc.JdbcSQLNonTransientConnectionException: Database is already closed (to disable automatic closing at VM shutdown, add ";DB_CLOSE_ON_EXIT=FALSE" to the db URL) [90121-214]
2023-07-26 22:38:53.360 [SpringApplicationShutdownHook] INFO  com.zaxxer.hikari.HikariDataSource - HikariPool-1 - Shutdown initiated...
2023-07-26 22:38:53.468 [SpringApplicationShutdownHook] INFO  com.zaxxer.hikari.HikariDataSource - HikariPool-1 - Shutdown completed.
2023-07-26 22:44:46.110 [main] INFO  c.e.d.c.d.d.DefectStatusControllerTest - Starting DefectStatusControllerTest using Java 20.0.2 with PID 32185 (started by kon in /home/kon/IdeaProjects/defect-tracker-server)
2023-07-26 22:44:46.111 [main] DEBUG c.e.d.c.d.d.DefectStatusControllerTest - Running with Spring Boot v3.1.0, Spring v6.0.9
2023-07-26 22:44:46.112 [main] INFO  c.e.d.c.d.d.DefectStatusControllerTest - No active profile set, falling back to 1 default profile: "default"
2023-07-26 22:44:47.632 [main] INFO  o.s.s.web.DefaultSecurityFilterChain - Will secure any request with [org.springframework.security.web.session.DisableEncodeUrlFilter@f60c14e, org.springframework.security.web.context.request.async.WebAsyncManagerIntegrationFilter@1d1fd2aa, org.springframework.security.web.context.SecurityContextHolderFilter@1dce481b, org.springframework.security.web.header.HeaderWriterFilter@11e3d08, org.springframework.security.web.authentication.logout.LogoutFilter@15ce261, jwtAuthenticationFilter bean, org.springframework.security.web.savedrequest.RequestCacheAwareFilter@45753c22, org.springframework.security.web.servletapi.SecurityContextHolderAwareRequestFilter@7341baa3, org.springframework.security.web.authentication.AnonymousAuthenticationFilter@5740ad76, org.springframework.security.web.session.SessionManagementFilter@2842ef02, org.springframework.security.web.access.ExceptionTranslationFilter@7d43f1c9, org.springframework.security.web.access.intercept.AuthorizationFilter@250e8712]
2023-07-26 22:44:47.903 [main] INFO  o.s.b.t.m.w.SpringBootMockServletContext - Initializing Spring TestDispatcherServlet ''
2023-07-26 22:44:47.904 [main] INFO  o.s.t.w.s.TestDispatcherServlet - Initializing Servlet ''
2023-07-26 22:44:47.906 [main] INFO  o.s.t.w.s.TestDispatcherServlet - Completed initialization in 2 ms
2023-07-26 22:44:47.939 [main] INFO  c.e.d.c.d.d.DefectStatusControllerTest - Started DefectStatusControllerTest in 2.611 seconds (process running for 6.559)
2023-07-26 22:44:47.979 [main] INFO  o.s.mock.web.MockServletContext - Initializing Spring TestDispatcherServlet ''
2023-07-26 22:44:47.980 [main] INFO  o.s.t.w.s.TestDispatcherServlet - Initializing Servlet ''
2023-07-26 22:44:47.980 [main] INFO  o.s.t.w.s.TestDispatcherServlet - Completed initialization in 0 ms
2023-07-26 22:44:48.146 [main] INFO  o.s.mock.web.MockServletContext - Initializing Spring TestDispatcherServlet ''
2023-07-26 22:44:48.147 [main] INFO  o.s.t.w.s.TestDispatcherServlet - Initializing Servlet ''
2023-07-26 22:44:48.148 [main] INFO  o.s.t.w.s.TestDispatcherServlet - Completed initialization in 0 ms
2023-07-26 22:44:48.170 [main] INFO  o.s.mock.web.MockServletContext - Initializing Spring TestDispatcherServlet ''
2023-07-26 22:44:48.171 [main] INFO  o.s.t.w.s.TestDispatcherServlet - Initializing Servlet ''
2023-07-26 22:44:48.173 [main] INFO  o.s.t.w.s.TestDispatcherServlet - Completed initialization in 0 ms
2023-07-26 22:44:48.325 [main] INFO  o.s.mock.web.MockServletContext - Initializing Spring TestDispatcherServlet ''
2023-07-26 22:44:48.326 [main] INFO  o.s.t.w.s.TestDispatcherServlet - Initializing Servlet ''
2023-07-26 22:44:48.326 [main] INFO  o.s.t.w.s.TestDispatcherServlet - Completed initialization in 0 ms
2023-07-26 22:44:48.353 [main] INFO  o.s.mock.web.MockServletContext - Initializing Spring TestDispatcherServlet ''
2023-07-26 22:44:48.354 [main] INFO  o.s.t.w.s.TestDispatcherServlet - Initializing Servlet ''
2023-07-26 22:44:48.354 [main] INFO  o.s.t.w.s.TestDispatcherServlet - Completed initialization in 0 ms
2023-07-26 22:44:48.494 [main] INFO  o.s.t.c.s.AnnotationConfigContextLoaderUtils - Could not detect default configuration classes for test class [com.example.defecttrackerserver.core.defect.defect.DefectControllerTest]: DefectControllerTest does not declare any static, non-private, non-final, nested classes annotated with @Configuration.
2023-07-26 22:44:48.540 [main] INFO  o.s.b.t.c.SpringBootTestContextBootstrapper - Found @SpringBootConfiguration com.example.defecttrackerserver.DefectTrackerServerApplication for test class com.example.defecttrackerserver.core.defect.defect.DefectControllerTest
2023-07-26 22:44:48.597 [main] INFO  c.e.d.c.d.d.DefectControllerTest - Starting DefectControllerTest using Java 20.0.2 with PID 32185 (started by kon in /home/kon/IdeaProjects/defect-tracker-server)
2023-07-26 22:44:48.598 [main] DEBUG c.e.d.c.d.d.DefectControllerTest - Running with Spring Boot v3.1.0, Spring v6.0.9
2023-07-26 22:44:48.598 [main] INFO  c.e.d.c.d.d.DefectControllerTest - No active profile set, falling back to 1 default profile: "default"
2023-07-26 22:44:49.017 [main] INFO  o.s.s.web.DefaultSecurityFilterChain - Will secure any request with [org.springframework.security.web.session.DisableEncodeUrlFilter@1b83fac3, org.springframework.security.web.context.request.async.WebAsyncManagerIntegrationFilter@1500edf3, org.springframework.security.web.context.SecurityContextHolderFilter@56fc2cea, org.springframework.security.web.header.HeaderWriterFilter@29811d4d, org.springframework.security.web.authentication.logout.LogoutFilter@34074149, jwtAuthenticationFilter bean, org.springframework.security.web.savedrequest.RequestCacheAwareFilter@e30a8ef, org.springframework.security.web.servletapi.SecurityContextHolderAwareRequestFilter@2ffaa711, org.springframework.security.web.authentication.AnonymousAuthenticationFilter@759c53e5, org.springframework.security.web.session.SessionManagementFilter@28f081ad, org.springframework.security.web.access.ExceptionTranslationFilter@4cc28ad0, org.springframework.security.web.access.intercept.AuthorizationFilter@45430a27]
2023-07-26 22:44:49.080 [main] INFO  o.s.b.t.m.w.SpringBootMockServletContext - Initializing Spring TestDispatcherServlet ''
2023-07-26 22:44:49.080 [main] INFO  o.s.t.w.s.TestDispatcherServlet - Initializing Servlet ''
2023-07-26 22:44:49.081 [main] INFO  o.s.t.w.s.TestDispatcherServlet - Completed initialization in 1 ms
2023-07-26 22:44:49.090 [main] INFO  c.e.d.c.d.d.DefectControllerTest - Started DefectControllerTest in 0.538 seconds (process running for 7.709)
2023-07-26 22:44:49.106 [main] INFO  o.s.mock.web.MockServletContext - Initializing Spring TestDispatcherServlet ''
2023-07-26 22:44:49.106 [main] INFO  o.s.t.w.s.TestDispatcherServlet - Initializing Servlet ''
2023-07-26 22:44:49.106 [main] INFO  o.s.t.w.s.TestDispatcherServlet - Completed initialization in 0 ms
2023-07-26 22:44:49.159 [main] INFO  o.s.mock.web.MockServletContext - Initializing Spring TestDispatcherServlet ''
2023-07-26 22:44:49.159 [main] INFO  o.s.t.w.s.TestDispatcherServlet - Initializing Servlet ''
2023-07-26 22:44:49.159 [main] INFO  o.s.t.w.s.TestDispatcherServlet - Completed initialization in 0 ms
2023-07-26 22:44:49.179 [main] INFO  o.s.mock.web.MockServletContext - Initializing Spring TestDispatcherServlet ''
2023-07-26 22:44:49.179 [main] INFO  o.s.t.w.s.TestDispatcherServlet - Initializing Servlet ''
2023-07-26 22:44:49.179 [main] INFO  o.s.t.w.s.TestDispatcherServlet - Completed initialization in 0 ms
2023-07-26 22:44:49.211 [main] INFO  o.s.mock.web.MockServletContext - Initializing Spring TestDispatcherServlet ''
2023-07-26 22:44:49.211 [main] INFO  o.s.t.w.s.TestDispatcherServlet - Initializing Servlet ''
2023-07-26 22:44:49.212 [main] INFO  o.s.t.w.s.TestDispatcherServlet - Completed initialization in 1 ms
2023-07-26 22:44:49.231 [main] INFO  o.s.mock.web.MockServletContext - Initializing Spring TestDispatcherServlet ''
2023-07-26 22:44:49.231 [main] INFO  o.s.t.w.s.TestDispatcherServlet - Initializing Servlet ''
2023-07-26 22:44:49.232 [main] INFO  o.s.t.w.s.TestDispatcherServlet - Completed initialization in 1 ms
2023-07-26 22:44:49.244 [main] INFO  o.s.t.c.s.AnnotationConfigContextLoaderUtils - Could not detect default configuration classes for test class [com.example.defecttrackerserver.core.defect.defectComment.DefectCommentControllerTest]: DefectCommentControllerTest does not declare any static, non-private, non-final, nested classes annotated with @Configuration.
2023-07-26 22:44:49.260 [main] INFO  o.s.b.t.c.SpringBootTestContextBootstrapper - Found @SpringBootConfiguration com.example.defecttrackerserver.DefectTrackerServerApplication for test class com.example.defecttrackerserver.core.defect.defectComment.DefectCommentControllerTest
2023-07-26 22:44:49.283 [main] INFO  c.e.d.c.d.d.DefectCommentControllerTest - Starting DefectCommentControllerTest using Java 20.0.2 with PID 32185 (started by kon in /home/kon/IdeaProjects/defect-tracker-server)
2023-07-26 22:44:49.283 [main] DEBUG c.e.d.c.d.d.DefectCommentControllerTest - Running with Spring Boot v3.1.0, Spring v6.0.9
2023-07-26 22:44:49.284 [main] INFO  c.e.d.c.d.d.DefectCommentControllerTest - No active profile set, falling back to 1 default profile: "default"
2023-07-26 22:44:49.597 [main] INFO  o.s.s.web.DefaultSecurityFilterChain - Will secure any request with [org.springframework.security.web.session.DisableEncodeUrlFilter@34e1c23d, org.springframework.security.web.context.request.async.WebAsyncManagerIntegrationFilter@240fa4ad, org.springframework.security.web.context.SecurityContextHolderFilter@6391d34f, org.springframework.security.web.header.HeaderWriterFilter@77b0ff24, org.springframework.security.web.authentication.logout.LogoutFilter@408a0e92, jwtAuthenticationFilter bean, org.springframework.security.web.savedrequest.RequestCacheAwareFilter@23f9d0ce, org.springframework.security.web.servletapi.SecurityContextHolderAwareRequestFilter@53c0424a, org.springframework.security.web.authentication.AnonymousAuthenticationFilter@4fb3c670, org.springframework.security.web.session.SessionManagementFilter@3958e148, org.springframework.security.web.access.ExceptionTranslationFilter@741687d4, org.springframework.security.web.access.intercept.AuthorizationFilter@7c9b0c16]
2023-07-26 22:44:49.660 [main] INFO  o.s.b.t.m.w.SpringBootMockServletContext - Initializing Spring TestDispatcherServlet ''
2023-07-26 22:44:49.661 [main] INFO  o.s.t.w.s.TestDispatcherServlet - Initializing Servlet ''
2023-07-26 22:44:49.662 [main] INFO  o.s.t.w.s.TestDispatcherServlet - Completed initialization in 1 ms
2023-07-26 22:44:49.671 [main] INFO  c.e.d.c.d.d.DefectCommentControllerTest - Started DefectCommentControllerTest in 0.406 seconds (process running for 8.29)
2023-07-26 22:44:49.686 [main] INFO  o.s.mock.web.MockServletContext - Initializing Spring TestDispatcherServlet ''
2023-07-26 22:44:49.687 [main] INFO  o.s.t.w.s.TestDispatcherServlet - Initializing Servlet ''
2023-07-26 22:44:49.687 [main] INFO  o.s.t.w.s.TestDispatcherServlet - Completed initialization in 0 ms
2023-07-26 22:44:49.719 [main] INFO  o.s.mock.web.MockServletContext - Initializing Spring TestDispatcherServlet ''
2023-07-26 22:44:49.720 [main] INFO  o.s.t.w.s.TestDispatcherServlet - Initializing Servlet ''
2023-07-26 22:44:49.721 [main] INFO  o.s.t.w.s.TestDispatcherServlet - Completed initialization in 0 ms
2023-07-26 22:44:49.775 [main] INFO  o.s.mock.web.MockServletContext - Initializing Spring TestDispatcherServlet ''
2023-07-26 22:44:49.776 [main] INFO  o.s.t.w.s.TestDispatcherServlet - Initializing Servlet ''
2023-07-26 22:44:49.778 [main] INFO  o.s.t.w.s.TestDispatcherServlet - Completed initialization in 0 ms
2023-07-26 22:44:49.814 [main] INFO  o.s.mock.web.MockServletContext - Initializing Spring TestDispatcherServlet ''
2023-07-26 22:44:49.815 [main] INFO  o.s.t.w.s.TestDispatcherServlet - Initializing Servlet ''
2023-07-26 22:44:49.817 [main] INFO  o.s.t.w.s.TestDispatcherServlet - Completed initialization in 0 ms
2023-07-26 22:44:49.861 [main] INFO  o.s.t.c.s.AnnotationConfigContextLoaderUtils - Could not detect default configuration classes for test class [com.example.defecttrackerserver.core.lot.lot.LotControllerTest]: LotControllerTest does not declare any static, non-private, non-final, nested classes annotated with @Configuration.
2023-07-26 22:44:49.880 [main] INFO  o.s.b.t.c.SpringBootTestContextBootstrapper - Found @SpringBootConfiguration com.example.defecttrackerserver.DefectTrackerServerApplication for test class com.example.defecttrackerserver.core.lot.lot.LotControllerTest
2023-07-26 22:44:49.915 [main] INFO  c.e.d.core.lot.lot.LotControllerTest - Starting LotControllerTest using Java 20.0.2 with PID 32185 (started by kon in /home/kon/IdeaProjects/defect-tracker-server)
2023-07-26 22:44:49.916 [main] DEBUG c.e.d.core.lot.lot.LotControllerTest - Running with Spring Boot v3.1.0, Spring v6.0.9
2023-07-26 22:44:49.916 [main] INFO  c.e.d.core.lot.lot.LotControllerTest - No active profile set, falling back to 1 default profile: "default"
2023-07-26 22:44:50.222 [main] INFO  o.s.s.web.DefaultSecurityFilterChain - Will secure any request with [org.springframework.security.web.session.DisableEncodeUrlFilter@6da14f7f, org.springframework.security.web.context.request.async.WebAsyncManagerIntegrationFilter@c53c04e, org.springframework.security.web.context.SecurityContextHolderFilter@5a63de07, org.springframework.security.web.header.HeaderWriterFilter@68d1f4e2, org.springframework.security.web.authentication.logout.LogoutFilter@189f2184, jwtAuthenticationFilter bean, org.springframework.security.web.savedrequest.RequestCacheAwareFilter@7d364bce, org.springframework.security.web.servletapi.SecurityContextHolderAwareRequestFilter@1aa7d66e, org.springframework.security.web.authentication.AnonymousAuthenticationFilter@18f493d7, org.springframework.security.web.session.SessionManagementFilter@72769bf5, org.springframework.security.web.access.ExceptionTranslationFilter@a55b4f9, org.springframework.security.web.access.intercept.AuthorizationFilter@7388d94d]
2023-07-26 22:44:50.282 [main] INFO  o.s.b.t.m.w.SpringBootMockServletContext - Initializing Spring TestDispatcherServlet ''
2023-07-26 22:44:50.283 [main] INFO  o.s.t.w.s.TestDispatcherServlet - Initializing Servlet ''
2023-07-26 22:44:50.285 [main] INFO  o.s.t.w.s.TestDispatcherServlet - Completed initialization in 0 ms
2023-07-26 22:44:50.292 [main] INFO  c.e.d.core.lot.lot.LotControllerTest - Started LotControllerTest in 0.406 seconds (process running for 8.912)
2023-07-26 22:44:50.312 [main] INFO  o.s.mock.web.MockServletContext - Initializing Spring TestDispatcherServlet ''
2023-07-26 22:44:50.314 [main] INFO  o.s.t.w.s.TestDispatcherServlet - Initializing Servlet ''
2023-07-26 22:44:50.314 [main] INFO  o.s.t.w.s.TestDispatcherServlet - Completed initialization in 0 ms
2023-07-26 22:44:50.342 [main] INFO  o.s.mock.web.MockServletContext - Initializing Spring TestDispatcherServlet ''
2023-07-26 22:44:50.343 [main] INFO  o.s.t.w.s.TestDispatcherServlet - Initializing Servlet ''
2023-07-26 22:44:50.343 [main] INFO  o.s.t.w.s.TestDispatcherServlet - Completed initialization in 0 ms
2023-07-26 22:44:50.364 [main] INFO  o.s.mock.web.MockServletContext - Initializing Spring TestDispatcherServlet ''
2023-07-26 22:44:50.364 [main] INFO  o.s.t.w.s.TestDispatcherServlet - Initializing Servlet ''
2023-07-26 22:44:50.365 [main] INFO  o.s.t.w.s.TestDispatcherServlet - Completed initialization in 1 ms
2023-07-26 22:44:50.398 [main] INFO  o.s.mock.web.MockServletContext - Initializing Spring TestDispatcherServlet ''
2023-07-26 22:44:50.398 [main] INFO  o.s.t.w.s.TestDispatcherServlet - Initializing Servlet ''
2023-07-26 22:44:50.398 [main] INFO  o.s.t.w.s.TestDispatcherServlet - Completed initialization in 0 ms
2023-07-26 22:44:50.426 [main] INFO  o.s.mock.web.MockServletContext - Initializing Spring TestDispatcherServlet ''
2023-07-26 22:44:50.427 [main] INFO  o.s.t.w.s.TestDispatcherServlet - Initializing Servlet ''
2023-07-26 22:44:50.427 [main] INFO  o.s.t.w.s.TestDispatcherServlet - Completed initialization in 0 ms
2023-07-26 22:44:50.556 [main] INFO  o.s.t.c.s.AnnotationConfigContextLoaderUtils - Could not detect default configuration classes for test class [com.example.defecttrackerserver.core.lot.supplier.SupplierControllerTest]: SupplierControllerTest does not declare any static, non-private, non-final, nested classes annotated with @Configuration.
2023-07-26 22:44:50.571 [main] INFO  o.s.b.t.c.SpringBootTestContextBootstrapper - Found @SpringBootConfiguration com.example.defecttrackerserver.DefectTrackerServerApplication for test class com.example.defecttrackerserver.core.lot.supplier.SupplierControllerTest
2023-07-26 22:44:50.591 [main] INFO  c.e.d.c.l.s.SupplierControllerTest - Starting SupplierControllerTest using Java 20.0.2 with PID 32185 (started by kon in /home/kon/IdeaProjects/defect-tracker-server)
2023-07-26 22:44:50.591 [main] DEBUG c.e.d.c.l.s.SupplierControllerTest - Running with Spring Boot v3.1.0, Spring v6.0.9
2023-07-26 22:44:50.591 [main] INFO  c.e.d.c.l.s.SupplierControllerTest - No active profile set, falling back to 1 default profile: "default"
2023-07-26 22:44:50.919 [main] INFO  o.s.s.web.DefaultSecurityFilterChain - Will secure any request with [org.springframework.security.web.session.DisableEncodeUrlFilter@7c58c10f, org.springframework.security.web.context.request.async.WebAsyncManagerIntegrationFilter@389f4282, org.springframework.security.web.context.SecurityContextHolderFilter@6ad2a8db, org.springframework.security.web.header.HeaderWriterFilter@1683b9ba, org.springframework.security.web.authentication.logout.LogoutFilter@3a3fc789, jwtAuthenticationFilter bean, org.springframework.security.web.savedrequest.RequestCacheAwareFilter@52f8effb, org.springframework.security.web.servletapi.SecurityContextHolderAwareRequestFilter@59bdd277, org.springframework.security.web.authentication.AnonymousAuthenticationFilter@7cf618f3, org.springframework.security.web.session.SessionManagementFilter@470b7fcf, org.springframework.security.web.access.ExceptionTranslationFilter@6d7c8a2, org.springframework.security.web.access.intercept.AuthorizationFilter@18b431ea]
2023-07-26 22:44:50.963 [main] INFO  o.s.b.t.m.w.SpringBootMockServletContext - Initializing Spring TestDispatcherServlet ''
2023-07-26 22:44:50.964 [main] INFO  o.s.t.w.s.TestDispatcherServlet - Initializing Servlet ''
2023-07-26 22:44:50.965 [main] INFO  o.s.t.w.s.TestDispatcherServlet - Completed initialization in 1 ms
2023-07-26 22:44:50.971 [main] INFO  c.e.d.c.l.s.SupplierControllerTest - Started SupplierControllerTest in 0.396 seconds (process running for 9.59)
2023-07-26 22:44:50.982 [main] INFO  o.s.mock.web.MockServletContext - Initializing Spring TestDispatcherServlet ''
2023-07-26 22:44:50.983 [main] INFO  o.s.t.w.s.TestDispatcherServlet - Initializing Servlet ''
2023-07-26 22:44:50.983 [main] INFO  o.s.t.w.s.TestDispatcherServlet - Completed initialization in 0 ms
2023-07-26 22:44:50.998 [main] INFO  o.s.mock.web.MockServletContext - Initializing Spring TestDispatcherServlet ''
2023-07-26 22:44:50.999 [main] INFO  o.s.t.w.s.TestDispatcherServlet - Initializing Servlet ''
2023-07-26 22:44:50.999 [main] INFO  o.s.t.w.s.TestDispatcherServlet - Completed initialization in 0 ms
2023-07-26 22:44:51.017 [main] INFO  o.s.mock.web.MockServletContext - Initializing Spring TestDispatcherServlet ''
2023-07-26 22:44:51.017 [main] INFO  o.s.t.w.s.TestDispatcherServlet - Initializing Servlet ''
2023-07-26 22:44:51.018 [main] INFO  o.s.t.w.s.TestDispatcherServlet - Completed initialization in 0 ms
2023-07-26 22:44:51.031 [main] INFO  o.s.mock.web.MockServletContext - Initializing Spring TestDispatcherServlet ''
2023-07-26 22:44:51.031 [main] INFO  o.s.t.w.s.TestDispatcherServlet - Initializing Servlet ''
2023-07-26 22:44:51.031 [main] INFO  o.s.t.w.s.TestDispatcherServlet - Completed initialization in 0 ms
2023-07-26 22:44:51.048 [main] INFO  o.s.mock.web.MockServletContext - Initializing Spring TestDispatcherServlet ''
2023-07-26 22:44:51.049 [main] INFO  o.s.t.w.s.TestDispatcherServlet - Initializing Servlet ''
2023-07-26 22:44:51.050 [main] INFO  o.s.t.w.s.TestDispatcherServlet - Completed initialization in 0 ms
2023-07-26 22:44:51.058 [main] INFO  o.s.t.c.s.AnnotationConfigContextLoaderUtils - Could not detect default configuration classes for test class [com.example.defecttrackerserver.core.user.user.UserControllerTest]: UserControllerTest does not declare any static, non-private, non-final, nested classes annotated with @Configuration.
2023-07-26 22:44:51.071 [main] INFO  o.s.b.t.c.SpringBootTestContextBootstrapper - Found @SpringBootConfiguration com.example.defecttrackerserver.DefectTrackerServerApplication for test class com.example.defecttrackerserver.core.user.user.UserControllerTest
2023-07-26 22:44:51.091 [main] INFO  c.e.d.c.user.user.UserControllerTest - Starting UserControllerTest using Java 20.0.2 with PID 32185 (started by kon in /home/kon/IdeaProjects/defect-tracker-server)
2023-07-26 22:44:51.091 [main] DEBUG c.e.d.c.user.user.UserControllerTest - Running with Spring Boot v3.1.0, Spring v6.0.9
2023-07-26 22:44:51.091 [main] INFO  c.e.d.c.user.user.UserControllerTest - No active profile set, falling back to 1 default profile: "default"
2023-07-26 22:44:51.386 [main] INFO  o.s.s.web.DefaultSecurityFilterChain - Will secure any request with [org.springframework.security.web.session.DisableEncodeUrlFilter@5125558b, org.springframework.security.web.context.request.async.WebAsyncManagerIntegrationFilter@8c940e2, org.springframework.security.web.context.SecurityContextHolderFilter@1ac32da1, org.springframework.security.web.header.HeaderWriterFilter@5d59ad49, org.springframework.security.web.authentication.logout.LogoutFilter@69a61267, jwtAuthenticationFilter bean, org.springframework.security.web.savedrequest.RequestCacheAwareFilter@3c2654e, org.springframework.security.web.servletapi.SecurityContextHolderAwareRequestFilter@1361b39a, org.springframework.security.web.authentication.AnonymousAuthenticationFilter@6092d41, org.springframework.security.web.session.SessionManagementFilter@78a03662, org.springframework.security.web.access.ExceptionTranslationFilter@2836374, org.springframework.security.web.access.intercept.AuthorizationFilter@673d73da]
2023-07-26 22:44:51.436 [main] INFO  o.s.b.t.m.w.SpringBootMockServletContext - Initializing Spring TestDispatcherServlet ''
2023-07-26 22:44:51.436 [main] INFO  o.s.t.w.s.TestDispatcherServlet - Initializing Servlet ''
2023-07-26 22:44:51.437 [main] INFO  o.s.t.w.s.TestDispatcherServlet - Completed initialization in 1 ms
2023-07-26 22:44:51.443 [main] INFO  c.e.d.c.user.user.UserControllerTest - Started UserControllerTest in 0.369 seconds (process running for 10.063)
2023-07-26 22:44:51.458 [main] INFO  o.s.mock.web.MockServletContext - Initializing Spring TestDispatcherServlet ''
2023-07-26 22:44:51.458 [main] INFO  o.s.t.w.s.TestDispatcherServlet - Initializing Servlet ''
2023-07-26 22:44:51.458 [main] INFO  o.s.t.w.s.TestDispatcherServlet - Completed initialization in 0 ms
2023-07-26 22:44:51.474 [main] INFO  o.s.mock.web.MockServletContext - Initializing Spring TestDispatcherServlet ''
2023-07-26 22:44:51.474 [main] INFO  o.s.t.w.s.TestDispatcherServlet - Initializing Servlet ''
2023-07-26 22:44:51.474 [main] INFO  o.s.t.w.s.TestDispatcherServlet - Completed initialization in 0 ms
2023-07-26 22:44:51.497 [main] INFO  o.s.mock.web.MockServletContext - Initializing Spring TestDispatcherServlet ''
2023-07-26 22:44:51.497 [main] INFO  o.s.t.w.s.TestDispatcherServlet - Initializing Servlet ''
2023-07-26 22:44:51.497 [main] INFO  o.s.t.w.s.TestDispatcherServlet - Completed initialization in 0 ms
2023-07-26 22:44:51.511 [main] INFO  o.s.mock.web.MockServletContext - Initializing Spring TestDispatcherServlet ''
2023-07-26 22:44:51.511 [main] INFO  o.s.t.w.s.TestDispatcherServlet - Initializing Servlet ''
2023-07-26 22:44:51.511 [main] INFO  o.s.t.w.s.TestDispatcherServlet - Completed initialization in 0 ms
2023-07-26 22:44:51.522 [main] INFO  o.s.mock.web.MockServletContext - Initializing Spring TestDispatcherServlet ''
2023-07-26 22:44:51.522 [main] INFO  o.s.t.w.s.TestDispatcherServlet - Initializing Servlet ''
2023-07-26 22:44:51.522 [main] INFO  o.s.t.w.s.TestDispatcherServlet - Completed initialization in 0 ms
2023-07-26 22:44:51.767 [main] INFO  o.s.t.c.s.AnnotationConfigContextLoaderUtils - Could not detect default configuration classes for test class [com.example.defecttrackerserver.core.action.ActionControllerTest]: ActionControllerTest does not declare any static, non-private, non-final, nested classes annotated with @Configuration.
2023-07-26 22:44:51.781 [main] INFO  o.s.b.t.c.SpringBootTestContextBootstrapper - Found @SpringBootConfiguration com.example.defecttrackerserver.DefectTrackerServerApplication for test class com.example.defecttrackerserver.core.action.ActionControllerTest
2023-07-26 22:44:51.814 [main] INFO  c.e.d.c.action.ActionControllerTest - Starting ActionControllerTest using Java 20.0.2 with PID 32185 (started by kon in /home/kon/IdeaProjects/defect-tracker-server)
2023-07-26 22:44:51.814 [main] DEBUG c.e.d.c.action.ActionControllerTest - Running with Spring Boot v3.1.0, Spring v6.0.9
2023-07-26 22:44:51.814 [main] INFO  c.e.d.c.action.ActionControllerTest - No active profile set, falling back to 1 default profile: "default"
2023-07-26 22:44:52.091 [main] INFO  o.s.s.web.DefaultSecurityFilterChain - Will secure any request with [org.springframework.security.web.session.DisableEncodeUrlFilter@536e3aab, org.springframework.security.web.context.request.async.WebAsyncManagerIntegrationFilter@14d3bee8, org.springframework.security.web.context.SecurityContextHolderFilter@25e60726, org.springframework.security.web.header.HeaderWriterFilter@36f291c7, org.springframework.security.web.authentication.logout.LogoutFilter@2d8a45a, jwtAuthenticationFilter bean, org.springframework.security.web.savedrequest.RequestCacheAwareFilter@75401424, org.springframework.security.web.servletapi.SecurityContextHolderAwareRequestFilter@571ecfe2, org.springframework.security.web.authentication.AnonymousAuthenticationFilter@3118a, org.springframework.security.web.session.SessionManagementFilter@5db3afff, org.springframework.security.web.access.ExceptionTranslationFilter@303c195f, org.springframework.security.web.access.intercept.AuthorizationFilter@568cc1c5]
2023-07-26 22:44:52.135 [main] INFO  o.s.b.t.m.w.SpringBootMockServletContext - Initializing Spring TestDispatcherServlet ''
2023-07-26 22:44:52.135 [main] INFO  o.s.t.w.s.TestDispatcherServlet - Initializing Servlet ''
2023-07-26 22:44:52.136 [main] INFO  o.s.t.w.s.TestDispatcherServlet - Completed initialization in 1 ms
2023-07-26 22:44:52.143 [main] INFO  c.e.d.c.action.ActionControllerTest - Started ActionControllerTest in 0.355 seconds (process running for 10.762)
2023-07-26 22:44:52.162 [main] INFO  o.s.mock.web.MockServletContext - Initializing Spring TestDispatcherServlet ''
2023-07-26 22:44:52.162 [main] INFO  o.s.t.w.s.TestDispatcherServlet - Initializing Servlet ''
2023-07-26 22:44:52.163 [main] INFO  o.s.t.w.s.TestDispatcherServlet - Completed initialization in 1 ms
2023-07-26 22:44:52.194 [main] INFO  o.s.mock.web.MockServletContext - Initializing Spring TestDispatcherServlet ''
2023-07-26 22:44:52.194 [main] INFO  o.s.t.w.s.TestDispatcherServlet - Initializing Servlet ''
2023-07-26 22:44:52.194 [main] INFO  o.s.t.w.s.TestDispatcherServlet - Completed initialization in 0 ms
2023-07-26 22:44:52.207 [main] INFO  o.s.mock.web.MockServletContext - Initializing Spring TestDispatcherServlet ''
2023-07-26 22:44:52.208 [main] INFO  o.s.t.w.s.TestDispatcherServlet - Initializing Servlet ''
2023-07-26 22:44:52.208 [main] INFO  o.s.t.w.s.TestDispatcherServlet - Completed initialization in 0 ms
2023-07-26 22:44:52.223 [main] INFO  o.s.mock.web.MockServletContext - Initializing Spring TestDispatcherServlet ''
2023-07-26 22:44:52.223 [main] INFO  o.s.t.w.s.TestDispatcherServlet - Initializing Servlet ''
2023-07-26 22:44:52.223 [main] INFO  o.s.t.w.s.TestDispatcherServlet - Completed initialization in 0 ms
2023-07-26 22:44:52.243 [main] INFO  o.s.mock.web.MockServletContext - Initializing Spring TestDispatcherServlet ''
2023-07-26 22:44:52.243 [main] INFO  o.s.t.w.s.TestDispatcherServlet - Initializing Servlet ''
2023-07-26 22:44:52.243 [main] INFO  o.s.t.w.s.TestDispatcherServlet - Completed initialization in 0 ms
2023-07-26 22:44:52.256 [main] INFO  o.s.mock.web.MockServletContext - Initializing Spring TestDispatcherServlet ''
2023-07-26 22:44:52.256 [main] INFO  o.s.t.w.s.TestDispatcherServlet - Initializing Servlet ''
2023-07-26 22:44:52.257 [main] INFO  o.s.t.w.s.TestDispatcherServlet - Completed initialization in 1 ms
2023-07-26 22:44:52.448 [main] INFO  o.s.t.c.s.AnnotationConfigContextLoaderUtils - Could not detect default configuration classes for test class [com.example.defecttrackerserver.core.defect.process.ProcessControllerTest]: ProcessControllerTest does not declare any static, non-private, non-final, nested classes annotated with @Configuration.
2023-07-26 22:44:52.466 [main] INFO  o.s.b.t.c.SpringBootTestContextBootstrapper - Found @SpringBootConfiguration com.example.defecttrackerserver.DefectTrackerServerApplication for test class com.example.defecttrackerserver.core.defect.process.ProcessControllerTest
2023-07-26 22:44:52.496 [main] INFO  c.e.d.c.d.p.ProcessControllerTest - Starting ProcessControllerTest using Java 20.0.2 with PID 32185 (started by kon in /home/kon/IdeaProjects/defect-tracker-server)
2023-07-26 22:44:52.496 [main] DEBUG c.e.d.c.d.p.ProcessControllerTest - Running with Spring Boot v3.1.0, Spring v6.0.9
2023-07-26 22:44:52.498 [main] INFO  c.e.d.c.d.p.ProcessControllerTest - No active profile set, falling back to 1 default profile: "default"
2023-07-26 22:44:52.847 [main] INFO  o.s.s.web.DefaultSecurityFilterChain - Will secure any request with [org.springframework.security.web.session.DisableEncodeUrlFilter@81bc4da, org.springframework.security.web.context.request.async.WebAsyncManagerIntegrationFilter@6a022b0e, org.springframework.security.web.context.SecurityContextHolderFilter@12387c79, org.springframework.security.web.header.HeaderWriterFilter@aa9c6b2, org.springframework.security.web.authentication.logout.LogoutFilter@6ad11552, jwtAuthenticationFilter bean, org.springframework.security.web.savedrequest.RequestCacheAwareFilter@1353f515, org.springframework.security.web.servletapi.SecurityContextHolderAwareRequestFilter@570b2d9b, org.springframework.security.web.authentication.AnonymousAuthenticationFilter@3985cca0, org.springframework.security.web.session.SessionManagementFilter@150f3678, org.springframework.security.web.access.ExceptionTranslationFilter@206421da, org.springframework.security.web.access.intercept.AuthorizationFilter@684f20ea]
2023-07-26 22:44:52.913 [main] INFO  o.s.b.t.m.w.SpringBootMockServletContext - Initializing Spring TestDispatcherServlet ''
2023-07-26 22:44:52.913 [main] INFO  o.s.t.w.s.TestDispatcherServlet - Initializing Servlet ''
2023-07-26 22:44:52.914 [main] INFO  o.s.t.w.s.TestDispatcherServlet - Completed initialization in 1 ms
2023-07-26 22:44:52.924 [main] INFO  c.e.d.c.d.p.ProcessControllerTest - Started ProcessControllerTest in 0.454 seconds (process running for 11.544)
2023-07-26 22:44:52.936 [main] INFO  o.s.mock.web.MockServletContext - Initializing Spring TestDispatcherServlet ''
2023-07-26 22:44:52.936 [main] INFO  o.s.t.w.s.TestDispatcherServlet - Initializing Servlet ''
2023-07-26 22:44:52.937 [main] INFO  o.s.t.w.s.TestDispatcherServlet - Completed initialization in 1 ms
2023-07-26 22:44:52.953 [main] INFO  o.s.mock.web.MockServletContext - Initializing Spring TestDispatcherServlet ''
2023-07-26 22:44:52.953 [main] INFO  o.s.t.w.s.TestDispatcherServlet - Initializing Servlet ''
2023-07-26 22:44:52.953 [main] INFO  o.s.t.w.s.TestDispatcherServlet - Completed initialization in 0 ms
2023-07-26 22:44:52.965 [main] INFO  o.s.mock.web.MockServletContext - Initializing Spring TestDispatcherServlet ''
2023-07-26 22:44:52.965 [main] INFO  o.s.t.w.s.TestDispatcherServlet - Initializing Servlet ''
2023-07-26 22:44:52.966 [main] INFO  o.s.t.w.s.TestDispatcherServlet - Completed initialization in 0 ms
2023-07-26 22:44:52.976 [main] INFO  o.s.mock.web.MockServletContext - Initializing Spring TestDispatcherServlet ''
2023-07-26 22:44:52.976 [main] INFO  o.s.t.w.s.TestDispatcherServlet - Initializing Servlet ''
2023-07-26 22:44:52.976 [main] INFO  o.s.t.w.s.TestDispatcherServlet - Completed initialization in 0 ms
2023-07-26 22:44:52.992 [main] INFO  o.s.mock.web.MockServletContext - Initializing Spring TestDispatcherServlet ''
2023-07-26 22:44:52.992 [main] INFO  o.s.t.w.s.TestDispatcherServlet - Initializing Servlet ''
2023-07-26 22:44:52.992 [main] INFO  o.s.t.w.s.TestDispatcherServlet - Completed initialization in 0 ms
2023-07-26 22:44:53.003 [main] INFO  o.s.t.c.s.AnnotationConfigContextLoaderUtils - Could not detect default configuration classes for test class [com.example.defecttrackerserver.core.defect.defectType.DefectTypeControllerTest]: DefectTypeControllerTest does not declare any static, non-private, non-final, nested classes annotated with @Configuration.
2023-07-26 22:44:53.015 [main] INFO  o.s.b.t.c.SpringBootTestContextBootstrapper - Found @SpringBootConfiguration com.example.defecttrackerserver.DefectTrackerServerApplication for test class com.example.defecttrackerserver.core.defect.defectType.DefectTypeControllerTest
2023-07-26 22:44:53.036 [main] INFO  c.e.d.c.d.d.DefectTypeControllerTest - Starting DefectTypeControllerTest using Java 20.0.2 with PID 32185 (started by kon in /home/kon/IdeaProjects/defect-tracker-server)
2023-07-26 22:44:53.038 [main] DEBUG c.e.d.c.d.d.DefectTypeControllerTest - Running with Spring Boot v3.1.0, Spring v6.0.9
2023-07-26 22:44:53.038 [main] INFO  c.e.d.c.d.d.DefectTypeControllerTest - No active profile set, falling back to 1 default profile: "default"
2023-07-26 22:44:53.348 [main] INFO  o.s.s.web.DefaultSecurityFilterChain - Will secure any request with [org.springframework.security.web.session.DisableEncodeUrlFilter@1bc4ec31, org.springframework.security.web.context.request.async.WebAsyncManagerIntegrationFilter@77368eaf, org.springframework.security.web.context.SecurityContextHolderFilter@5e5df559, org.springframework.security.web.header.HeaderWriterFilter@d158cbe, org.springframework.security.web.authentication.logout.LogoutFilter@59a6a709, jwtAuthenticationFilter bean, org.springframework.security.web.savedrequest.RequestCacheAwareFilter@7481775c, org.springframework.security.web.servletapi.SecurityContextHolderAwareRequestFilter@55d0650e, org.springframework.security.web.authentication.AnonymousAuthenticationFilter@41e5450f, org.springframework.security.web.session.SessionManagementFilter@645b2ac7, org.springframework.security.web.access.ExceptionTranslationFilter@71cb67a1, org.springframework.security.web.access.intercept.AuthorizationFilter@70ccf921]
2023-07-26 22:44:53.390 [main] INFO  o.s.b.t.m.w.SpringBootMockServletContext - Initializing Spring TestDispatcherServlet ''
2023-07-26 22:44:53.391 [main] INFO  o.s.t.w.s.TestDispatcherServlet - Initializing Servlet ''
2023-07-26 22:44:53.391 [main] INFO  o.s.t.w.s.TestDispatcherServlet - Completed initialization in 0 ms
2023-07-26 22:44:53.396 [main] INFO  c.e.d.c.d.d.DefectTypeControllerTest - Started DefectTypeControllerTest in 0.377 seconds (process running for 12.016)
2023-07-26 22:44:53.408 [main] INFO  o.s.mock.web.MockServletContext - Initializing Spring TestDispatcherServlet ''
2023-07-26 22:44:53.408 [main] INFO  o.s.t.w.s.TestDispatcherServlet - Initializing Servlet ''
2023-07-26 22:44:53.408 [main] INFO  o.s.t.w.s.TestDispatcherServlet - Completed initialization in 0 ms
2023-07-26 22:44:53.426 [main] INFO  o.s.mock.web.MockServletContext - Initializing Spring TestDispatcherServlet ''
2023-07-26 22:44:53.426 [main] INFO  o.s.t.w.s.TestDispatcherServlet - Initializing Servlet ''
2023-07-26 22:44:53.427 [main] INFO  o.s.t.w.s.TestDispatcherServlet - Completed initialization in 1 ms
2023-07-26 22:44:53.459 [main] INFO  o.s.mock.web.MockServletContext - Initializing Spring TestDispatcherServlet ''
2023-07-26 22:44:53.460 [main] INFO  o.s.t.w.s.TestDispatcherServlet - Initializing Servlet ''
2023-07-26 22:44:53.460 [main] INFO  o.s.t.w.s.TestDispatcherServlet - Completed initialization in 0 ms
2023-07-26 22:44:53.480 [main] INFO  o.s.mock.web.MockServletContext - Initializing Spring TestDispatcherServlet ''
2023-07-26 22:44:53.481 [main] INFO  o.s.t.w.s.TestDispatcherServlet - Initializing Servlet ''
2023-07-26 22:44:53.481 [main] INFO  o.s.t.w.s.TestDispatcherServlet - Completed initialization in 0 ms
2023-07-26 22:44:53.493 [main] INFO  o.s.mock.web.MockServletContext - Initializing Spring TestDispatcherServlet ''
2023-07-26 22:44:53.493 [main] INFO  o.s.t.w.s.TestDispatcherServlet - Initializing Servlet ''
2023-07-26 22:44:53.493 [main] INFO  o.s.t.w.s.TestDispatcherServlet - Completed initialization in 0 ms
2023-07-26 22:44:53.998 [main] INFO  o.s.t.c.s.AnnotationConfigContextLoaderUtils - Could not detect default configuration classes for test class [com.example.defecttrackerserver.core.defect.defectImage.DefectImageControllerTest]: DefectImageControllerTest does not declare any static, non-private, non-final, nested classes annotated with @Configuration.
2023-07-26 22:44:54.029 [main] INFO  o.s.b.t.c.SpringBootTestContextBootstrapper - Found @SpringBootConfiguration com.example.defecttrackerserver.DefectTrackerServerApplication for test class com.example.defecttrackerserver.core.defect.defectImage.DefectImageControllerTest
2023-07-26 22:44:54.064 [main] INFO  c.e.d.c.d.d.DefectImageControllerTest - Starting DefectImageControllerTest using Java 20.0.2 with PID 32185 (started by kon in /home/kon/IdeaProjects/defect-tracker-server)
2023-07-26 22:44:54.064 [main] DEBUG c.e.d.c.d.d.DefectImageControllerTest - Running with Spring Boot v3.1.0, Spring v6.0.9
2023-07-26 22:44:54.064 [main] INFO  c.e.d.c.d.d.DefectImageControllerTest - No active profile set, falling back to 1 default profile: "default"
2023-07-26 22:44:54.447 [main] INFO  o.s.s.web.DefaultSecurityFilterChain - Will secure any request with [org.springframework.security.web.session.DisableEncodeUrlFilter@2e13c72b, org.springframework.security.web.context.request.async.WebAsyncManagerIntegrationFilter@4bedd2d8, org.springframework.security.web.context.SecurityContextHolderFilter@96effb1, org.springframework.security.web.header.HeaderWriterFilter@3d862f5c, org.springframework.security.web.authentication.logout.LogoutFilter@57465bba, jwtAuthenticationFilter bean, org.springframework.security.web.savedrequest.RequestCacheAwareFilter@39eab380, org.springframework.security.web.servletapi.SecurityContextHolderAwareRequestFilter@359a972e, org.springframework.security.web.authentication.AnonymousAuthenticationFilter@14cd3858, org.springframework.security.web.session.SessionManagementFilter@409b96d2, org.springframework.security.web.access.ExceptionTranslationFilter@4abf5165, org.springframework.security.web.access.intercept.AuthorizationFilter@5a1e47d3]
2023-07-26 22:44:54.503 [main] INFO  o.s.b.t.m.w.SpringBootMockServletContext - Initializing Spring TestDispatcherServlet ''
2023-07-26 22:44:54.504 [main] INFO  o.s.t.w.s.TestDispatcherServlet - Initializing Servlet ''
2023-07-26 22:44:54.505 [main] INFO  o.s.t.w.s.TestDispatcherServlet - Completed initialization in 0 ms
2023-07-26 22:44:54.517 [main] INFO  c.e.d.c.d.d.DefectImageControllerTest - Started DefectImageControllerTest in 0.485 seconds (process running for 13.136)
2023-07-26 22:44:54.531 [main] INFO  o.s.mock.web.MockServletContext - Initializing Spring TestDispatcherServlet ''
2023-07-26 22:44:54.532 [main] INFO  o.s.t.w.s.TestDispatcherServlet - Initializing Servlet ''
2023-07-26 22:44:54.532 [main] INFO  o.s.t.w.s.TestDispatcherServlet - Completed initialization in 0 ms
2023-07-26 22:44:54.552 [main] INFO  o.s.mock.web.MockServletContext - Initializing Spring TestDispatcherServlet ''
2023-07-26 22:44:54.552 [main] INFO  o.s.t.w.s.TestDispatcherServlet - Initializing Servlet ''
2023-07-26 22:44:54.552 [main] INFO  o.s.t.w.s.TestDispatcherServlet - Completed initialization in 0 ms
2023-07-26 22:44:54.566 [main] INFO  o.s.mock.web.MockServletContext - Initializing Spring TestDispatcherServlet ''
2023-07-26 22:44:54.567 [main] INFO  o.s.t.w.s.TestDispatcherServlet - Initializing Servlet ''
2023-07-26 22:44:54.567 [main] INFO  o.s.t.w.s.TestDispatcherServlet - Completed initialization in 0 ms
2023-07-26 22:44:54.588 [main] INFO  o.s.mock.web.MockServletContext - Initializing Spring TestDispatcherServlet ''
2023-07-26 22:44:54.588 [main] INFO  o.s.t.w.s.TestDispatcherServlet - Initializing Servlet ''
2023-07-26 22:44:54.588 [main] INFO  o.s.t.w.s.TestDispatcherServlet - Completed initialization in 0 ms
2023-07-26 22:44:54.677 [main] INFO  o.s.t.c.s.AnnotationConfigContextLoaderUtils - Could not detect default configuration classes for test class [com.example.defecttrackerserver.core.lot.material.MaterialControllerTest]: MaterialControllerTest does not declare any static, non-private, non-final, nested classes annotated with @Configuration.
2023-07-26 22:44:54.690 [main] INFO  o.s.b.t.c.SpringBootTestContextBootstrapper - Found @SpringBootConfiguration com.example.defecttrackerserver.DefectTrackerServerApplication for test class com.example.defecttrackerserver.core.lot.material.MaterialControllerTest
2023-07-26 22:44:54.720 [main] INFO  c.e.d.c.l.m.MaterialControllerTest - Starting MaterialControllerTest using Java 20.0.2 with PID 32185 (started by kon in /home/kon/IdeaProjects/defect-tracker-server)
2023-07-26 22:44:54.720 [main] DEBUG c.e.d.c.l.m.MaterialControllerTest - Running with Spring Boot v3.1.0, Spring v6.0.9
2023-07-26 22:44:54.721 [main] INFO  c.e.d.c.l.m.MaterialControllerTest - No active profile set, falling back to 1 default profile: "default"
2023-07-26 22:44:55.062 [main] INFO  o.s.s.web.DefaultSecurityFilterChain - Will secure any request with [org.springframework.security.web.session.DisableEncodeUrlFilter@65d07158, org.springframework.security.web.context.request.async.WebAsyncManagerIntegrationFilter@4a182dea, org.springframework.security.web.context.SecurityContextHolderFilter@ae397d6, org.springframework.security.web.header.HeaderWriterFilter@326451bf, org.springframework.security.web.authentication.logout.LogoutFilter@5d9e5f2f, jwtAuthenticationFilter bean, org.springframework.security.web.savedrequest.RequestCacheAwareFilter@3f34edfc, org.springframework.security.web.servletapi.SecurityContextHolderAwareRequestFilter@2f4daa0c, org.springframework.security.web.authentication.AnonymousAuthenticationFilter@677b00ae, org.springframework.security.web.session.SessionManagementFilter@68819fae, org.springframework.security.web.access.ExceptionTranslationFilter@5aede1ef, org.springframework.security.web.access.intercept.AuthorizationFilter@782cd00]
2023-07-26 22:44:55.113 [main] INFO  o.s.b.t.m.w.SpringBootMockServletContext - Initializing Spring TestDispatcherServlet ''
2023-07-26 22:44:55.113 [main] INFO  o.s.t.w.s.TestDispatcherServlet - Initializing Servlet ''
2023-07-26 22:44:55.114 [main] INFO  o.s.t.w.s.TestDispatcherServlet - Completed initialization in 1 ms
2023-07-26 22:44:55.120 [main] INFO  c.e.d.c.l.m.MaterialControllerTest - Started MaterialControllerTest in 0.427 seconds (process running for 13.74)
2023-07-26 22:44:55.137 [main] INFO  o.s.mock.web.MockServletContext - Initializing Spring TestDispatcherServlet ''
2023-07-26 22:44:55.137 [main] INFO  o.s.t.w.s.TestDispatcherServlet - Initializing Servlet ''
2023-07-26 22:44:55.138 [main] INFO  o.s.t.w.s.TestDispatcherServlet - Completed initialization in 1 ms
2023-07-26 22:44:55.157 [main] INFO  o.s.mock.web.MockServletContext - Initializing Spring TestDispatcherServlet ''
2023-07-26 22:44:55.157 [main] INFO  o.s.t.w.s.TestDispatcherServlet - Initializing Servlet ''
2023-07-26 22:44:55.158 [main] INFO  o.s.t.w.s.TestDispatcherServlet - Completed initialization in 1 ms
2023-07-26 22:44:55.178 [main] INFO  o.s.mock.web.MockServletContext - Initializing Spring TestDispatcherServlet ''
2023-07-26 22:44:55.178 [main] INFO  o.s.t.w.s.TestDispatcherServlet - Initializing Servlet ''
2023-07-26 22:44:55.179 [main] INFO  o.s.t.w.s.TestDispatcherServlet - Completed initialization in 1 ms
2023-07-26 22:44:55.197 [main] INFO  o.s.mock.web.MockServletContext - Initializing Spring TestDispatcherServlet ''
2023-07-26 22:44:55.197 [main] INFO  o.s.t.w.s.TestDispatcherServlet - Initializing Servlet ''
2023-07-26 22:44:55.197 [main] INFO  o.s.t.w.s.TestDispatcherServlet - Completed initialization in 0 ms
2023-07-26 22:44:55.215 [main] INFO  o.s.mock.web.MockServletContext - Initializing Spring TestDispatcherServlet ''
2023-07-26 22:44:55.215 [main] INFO  o.s.t.w.s.TestDispatcherServlet - Initializing Servlet ''
2023-07-26 22:44:55.215 [main] INFO  o.s.t.w.s.TestDispatcherServlet - Completed initialization in 0 ms
2023-07-26 22:44:55.290 [main] INFO  o.s.t.c.s.AnnotationConfigContextLoaderUtils - Could not detect default configuration classes for test class [com.example.defecttrackerserver.core.user.role.RoleControllerTest]: RoleControllerTest does not declare any static, non-private, non-final, nested classes annotated with @Configuration.
2023-07-26 22:44:55.315 [main] INFO  o.s.b.t.c.SpringBootTestContextBootstrapper - Found @SpringBootConfiguration com.example.defecttrackerserver.DefectTrackerServerApplication for test class com.example.defecttrackerserver.core.user.role.RoleControllerTest
2023-07-26 22:44:55.347 [main] INFO  c.e.d.c.user.role.RoleControllerTest - Starting RoleControllerTest using Java 20.0.2 with PID 32185 (started by kon in /home/kon/IdeaProjects/defect-tracker-server)
2023-07-26 22:44:55.348 [main] DEBUG c.e.d.c.user.role.RoleControllerTest - Running with Spring Boot v3.1.0, Spring v6.0.9
2023-07-26 22:44:55.348 [main] INFO  c.e.d.c.user.role.RoleControllerTest - No active profile set, falling back to 1 default profile: "default"
2023-07-26 22:44:55.629 [main] INFO  o.s.s.web.DefaultSecurityFilterChain - Will secure any request with [org.springframework.security.web.session.DisableEncodeUrlFilter@3501c1de, org.springframework.security.web.context.request.async.WebAsyncManagerIntegrationFilter@1d839d22, org.springframework.security.web.context.SecurityContextHolderFilter@50150196, org.springframework.security.web.header.HeaderWriterFilter@aca7766, org.springframework.security.web.authentication.logout.LogoutFilter@70ab102c, jwtAuthenticationFilter bean, org.springframework.security.web.savedrequest.RequestCacheAwareFilter@7424796c, org.springframework.security.web.servletapi.SecurityContextHolderAwareRequestFilter@2d8c51c9, org.springframework.security.web.authentication.AnonymousAuthenticationFilter@256a4746, org.springframework.security.web.session.SessionManagementFilter@2090ae74, org.springframework.security.web.access.ExceptionTranslationFilter@4c6d1f1f, org.springframework.security.web.access.intercept.AuthorizationFilter@68dee76e]
2023-07-26 22:44:55.675 [main] INFO  o.s.b.t.m.w.SpringBootMockServletContext - Initializing Spring TestDispatcherServlet ''
2023-07-26 22:44:55.675 [main] INFO  o.s.t.w.s.TestDispatcherServlet - Initializing Servlet ''
2023-07-26 22:44:55.676 [main] INFO  o.s.t.w.s.TestDispatcherServlet - Completed initialization in 1 ms
2023-07-26 22:44:55.681 [main] INFO  c.e.d.c.user.role.RoleControllerTest - Started RoleControllerTest in 0.362 seconds (process running for 14.3)
2023-07-26 22:44:55.692 [main] INFO  o.s.mock.web.MockServletContext - Initializing Spring TestDispatcherServlet ''
2023-07-26 22:44:55.692 [main] INFO  o.s.t.w.s.TestDispatcherServlet - Initializing Servlet ''
2023-07-26 22:44:55.693 [main] INFO  o.s.t.w.s.TestDispatcherServlet - Completed initialization in 0 ms
2023-07-26 22:44:55.715 [main] INFO  o.s.mock.web.MockServletContext - Initializing Spring TestDispatcherServlet ''
2023-07-26 22:44:55.715 [main] INFO  o.s.t.w.s.TestDispatcherServlet - Initializing Servlet ''
2023-07-26 22:44:55.715 [main] INFO  o.s.t.w.s.TestDispatcherServlet - Completed initialization in 0 ms
2023-07-26 22:44:55.723 [main] INFO  o.s.t.c.s.AnnotationConfigContextLoaderUtils - Could not detect default configuration classes for test class [com.example.defecttrackerserver.core.location.LocationControllerTest]: LocationControllerTest does not declare any static, non-private, non-final, nested classes annotated with @Configuration.
2023-07-26 22:44:55.735 [main] INFO  o.s.b.t.c.SpringBootTestContextBootstrapper - Found @SpringBootConfiguration com.example.defecttrackerserver.DefectTrackerServerApplication for test class com.example.defecttrackerserver.core.location.LocationControllerTest
2023-07-26 22:44:55.766 [main] INFO  c.e.d.c.l.LocationControllerTest - Starting LocationControllerTest using Java 20.0.2 with PID 32185 (started by kon in /home/kon/IdeaProjects/defect-tracker-server)
2023-07-26 22:44:55.766 [main] DEBUG c.e.d.c.l.LocationControllerTest - Running with Spring Boot v3.1.0, Spring v6.0.9
2023-07-26 22:44:55.766 [main] INFO  c.e.d.c.l.LocationControllerTest - No active profile set, falling back to 1 default profile: "default"
2023-07-26 22:44:56.074 [main] INFO  o.s.s.web.DefaultSecurityFilterChain - Will secure any request with [org.springframework.security.web.session.DisableEncodeUrlFilter@d1e1548, org.springframework.security.web.context.request.async.WebAsyncManagerIntegrationFilter@6d234853, org.springframework.security.web.context.SecurityContextHolderFilter@6f19184c, org.springframework.security.web.header.HeaderWriterFilter@17d75ecc, org.springframework.security.web.authentication.logout.LogoutFilter@629059a9, jwtAuthenticationFilter bean, org.springframework.security.web.savedrequest.RequestCacheAwareFilter@6fd563cf, org.springframework.security.web.servletapi.SecurityContextHolderAwareRequestFilter@42d971c7, org.springframework.security.web.authentication.AnonymousAuthenticationFilter@37cf8e35, org.springframework.security.web.session.SessionManagementFilter@53ba9105, org.springframework.security.web.access.ExceptionTranslationFilter@539a6ada, org.springframework.security.web.access.intercept.AuthorizationFilter@2f418f72]
2023-07-26 22:44:56.117 [main] INFO  o.s.b.t.m.w.SpringBootMockServletContext - Initializing Spring TestDispatcherServlet ''
2023-07-26 22:44:56.118 [main] INFO  o.s.t.w.s.TestDispatcherServlet - Initializing Servlet ''
2023-07-26 22:44:56.118 [main] INFO  o.s.t.w.s.TestDispatcherServlet - Completed initialization in 0 ms
2023-07-26 22:44:56.125 [main] INFO  c.e.d.c.l.LocationControllerTest - Started LocationControllerTest in 0.385 seconds (process running for 14.745)
2023-07-26 22:44:56.136 [main] INFO  o.s.mock.web.MockServletContext - Initializing Spring TestDispatcherServlet ''
2023-07-26 22:44:56.137 [main] INFO  o.s.t.w.s.TestDispatcherServlet - Initializing Servlet ''
2023-07-26 22:44:56.137 [main] INFO  o.s.t.w.s.TestDispatcherServlet - Completed initialization in 0 ms
2023-07-26 22:44:56.151 [main] INFO  o.s.mock.web.MockServletContext - Initializing Spring TestDispatcherServlet ''
2023-07-26 22:44:56.151 [main] INFO  o.s.t.w.s.TestDispatcherServlet - Initializing Servlet ''
2023-07-26 22:44:56.152 [main] INFO  o.s.t.w.s.TestDispatcherServlet - Completed initialization in 1 ms
2023-07-26 22:44:56.169 [main] INFO  o.s.mock.web.MockServletContext - Initializing Spring TestDispatcherServlet ''
2023-07-26 22:44:56.169 [main] INFO  o.s.t.w.s.TestDispatcherServlet - Initializing Servlet ''
2023-07-26 22:44:56.170 [main] INFO  o.s.t.w.s.TestDispatcherServlet - Completed initialization in 1 ms
2023-07-26 22:44:56.182 [main] INFO  o.s.mock.web.MockServletContext - Initializing Spring TestDispatcherServlet ''
2023-07-26 22:44:56.182 [main] INFO  o.s.t.w.s.TestDispatcherServlet - Initializing Servlet ''
2023-07-26 22:44:56.182 [main] INFO  o.s.t.w.s.TestDispatcherServlet - Completed initialization in 0 ms
2023-07-26 22:44:56.196 [main] INFO  o.s.mock.web.MockServletContext - Initializing Spring TestDispatcherServlet ''
2023-07-26 22:44:56.196 [main] INFO  o.s.t.w.s.TestDispatcherServlet - Initializing Servlet ''
2023-07-26 22:44:56.197 [main] INFO  o.s.t.w.s.TestDispatcherServlet - Completed initialization in 1 ms
